frameworks/cocos2d-x/cocos/platform/android/libcocos2dx/build/outputs/mapping/release/usage.txt
android.support.v4.graphics.drawable.DrawableWrapperApi14$DrawableWrapperState
android.support.v4.graphics.drawable.DrawableWrapperApi14$DrawableWrapperStateBase
android.support.v4.graphics.drawable.DrawableWrapperApi19
android.support.v4.graphics.drawable.DrawableWrapperApi19$DrawableWrapperStateKitKat
android.support.v4.graphics.drawable.DrawableWrapperApi21
android.support.v4.graphics.drawable.DrawableWrapperApi21$DrawableWrapperStateLollipop
android.support.v4.graphics.drawable.IconCompat
android.support.v4.graphics.drawable.RoundedBitmapDrawable
android.support.v4.graphics.drawable.RoundedBitmapDrawable21
android.support.v4.graphics.drawable.RoundedBitmapDrawableFactory
android.support.v4.graphics.drawable.RoundedBitmapDrawableFactory$DefaultRoundedBitmapDrawable
android.support.v4.graphics.drawable.TintAwareDrawable
android.support.v4.hardware.display.DisplayManagerCompat
android.support.v4.hardware.display.DisplayManagerCompat$DisplayManagerCompatApi14Impl
android.support.v4.hardware.display.DisplayManagerCompat$DisplayManagerCompatApi17Impl
android.support.v4.hardware.fingerprint.FingerprintManagerCompat
android.support.v4.hardware.fingerprint.FingerprintManagerCompat$Api23FingerprintManagerCompatImpl
android.support.v4.hardware.fingerprint.FingerprintManagerCompat$Api23FingerprintManagerCompatImpl$1
android.support.v4.hardware.fingerprint.FingerprintManagerCompat$AuthenticationCallback
android.support.v4.hardware.fingerprint.FingerprintManagerCompat$AuthenticationResult
android.support.v4.hardware.fingerprint.FingerprintManagerCompat$CryptoObject
android.support.v4.hardware.fingerprint.FingerprintManagerCompat$FingerprintManagerCompatImpl
android.support.v4.hardware.fingerprint.FingerprintManagerCompat$LegacyFingerprintManagerCompatImpl
android.support.v4.hardware.fingerprint.FingerprintManagerCompatApi23
android.support.v4.hardware.fingerprint.FingerprintManagerCompatApi23$1
android.support.v4.hardware.fingerprint.FingerprintManagerCompatApi23$AuthenticationCallback
android.support.v4.hardware.fingerprint.FingerprintManagerCompatApi23$AuthenticationResultInternal
android.support.v4.hardware.fingerprint.FingerprintManagerCompatApi23$CryptoObject
android.support.v4.internal.package-info
android.support.v4.internal.view.SupportMenu
android.support.v4.internal.view.SupportMenuItem
android.support.v4.internal.view.SupportSubMenu
android.support.v4.math.MathUtils
android.support.v4.media.AudioAttributesCompat
android.support.v4.media.AudioAttributesCompat$1
android.support.v4.media.AudioAttributesCompat$AttributeContentType
android.support.v4.media.AudioAttributesCompat$AttributeUsage
android.support.v4.media.AudioAttributesCompat$AudioManagerHidden
android.support.v4.media.AudioAttributesCompat$Builder
android.support.v4.media.AudioAttributesCompatApi21
android.support.v4.media.AudioAttributesCompatApi21$Wrapper
android.support.v4.media.MediaBrowserCompat
android.support.v4.media.MediaBrowserCompat$CallbackHandler
android.support.v4.media.MediaBrowserCompat$ConnectionCallback
android.support.v4.media.MediaBrowserCompat$ConnectionCallback$ConnectionCallbackInternal
android.support.v4.media.MediaBrowserCompat$ConnectionCallback$StubApi21
android.support.v4.media.MediaBrowserCompat$CustomActionCallback
android.support.v4.media.MediaBrowserCompat$CustomActionResultReceiver
android.support.v4.media.MediaBrowserCompat$ItemCallback
android.support.v4.media.MediaBrowserCompat$ItemCallback$StubApi23
android.support.v4.media.MediaBrowserCompat$ItemReceiver
android.support.v4.media.MediaBrowserCompat$MediaBrowserImpl
android.support.v4.media.MediaBrowserCompat$MediaBrowserImplApi21
android.support.v4.media.MediaBrowserCompat$MediaBrowserImplApi21$1
android.support.v4.media.MediaBrowserCompat$MediaBrowserImplApi21$2
android.support.v4.media.MediaBrowserCompat$MediaBrowserImplApi21$3
android.support.v4.media.MediaBrowserCompat$MediaBrowserImplApi21$4
android.support.v4.media.MediaBrowserCompat$MediaBrowserImplApi21$5